<?xml version="1.0" encoding="UTF-8"?>
<!-- Generated by org.testng.reporters.JUnitReportReporter -->
<testsuite skipped="0" hostname="New" name="Com.actitime.scripts.LoginTest" tests="2" failures="0" timestamp="11 May 2019 14:11:19 GMT" time="9.904" errors="0">
  <testcase name="invalidLogin" time="1.036" classname="Com.actitime.scripts.LoginTest"/>
  <testcase name="validLogin" time="8.868" classname="Com.actitime.scripts.LoginTest"/>
</testsuite> <!-- Com.actitime.scripts.LoginTest -->
